<?xml version="1.0" encoding="UTF-8"?>
<testng-results skipped="0" failed="0" total="1" passed="1">
  <reporter-output>
  </reporter-output>
  <suite name="Suite" duration-ms="6040" started-at="2020-01-21T19:34:17Z" finished-at="2020-01-21T19:34:23Z">
    <groups>
    </groups>
    <test name="Test" duration-ms="6040" started-at="2020-01-21T19:34:17Z" finished-at="2020-01-21T19:34:23Z">
      <class name="demoMaven1.PruebaAutomatization">
        <test-method status="PASS" signature="VerificarGoogle1()[pri:1, instance:demoMaven1.PruebaAutomatization@16c0663d]" name="VerificarGoogle1" duration-ms="6020" started-at="2020-01-21T13:34:17Z" finished-at="2020-01-21T13:34:23Z">
          <reporter-output>
          </reporter-output>
        </test-method> <!-- VerificarGoogle1 -->
      </class> <!-- demoMaven1.PruebaAutomatization -->
    </test> <!-- Test -->
  </suite> <!-- Suite -->
</testng-results>
