<?xml version="1.0" encoding="UTF-8"?>
<testng-results skipped="0" failed="0" total="1" passed="1">
  <reporter-output>
  </reporter-output>
  <suite name="Default suite" duration-ms="7190" started-at="2020-01-21T19:17:24Z" finished-at="2020-01-21T19:17:31Z">
    <groups>
    </groups>
    <test name="Default test" duration-ms="7190" started-at="2020-01-21T19:17:24Z" finished-at="2020-01-21T19:17:31Z">
      <class name="demoMaven1.PruebaAutomatization">
        <test-method status="PASS" signature="VerificarGoogle1()[pri:1, instance:demoMaven1.PruebaAutomatization@28feb3fa]" name="VerificarGoogle1" duration-ms="7159" started-at="2020-01-21T13:17:24Z" finished-at="2020-01-21T13:17:31Z">
          <reporter-output>
          </reporter-output>
        </test-method> <!-- VerificarGoogle1 -->
      </class> <!-- demoMaven1.PruebaAutomatization -->
    </test> <!-- Default test -->
  </suite> <!-- Default suite -->
</testng-results>
